Build started 19/1/2015 2:19:12 μμ.
     1>Project "C:\Users\Antonia\Documents\Gridlab-D\gridlab-d-code-5028-trunk\gridlab-d-code-5028-trunk\powerflow\powerflow.vcxproj" on node 2 (build target(s)).
     1>InitializeBuildStatus:
         Creating "Win32\Debug\powerflow\powerflow.unsuccessfulbuild" because "AlwaysCreate" was specified.
       ClCompile:
         c:\Program Files (x86)\Microsoft Visual Studio 10.0\VC\bin\CL.exe /c /I..\core /I..\third_party\superLU_MT /ZI /nologo /W3 /WX- /Od /Oy- /D WIN32 /D _DEBUG /D _WINDOWS /D _USRDLL /D _CRT_SECURE_NO_DEPRECATE /D _TESTING /D _WINDLL /D _MBCS /Gm /EHsc /RTC1 /MDd /GS /fp:precise /Zc:wchar_t /Zc:forScope /Fo"Win32\Debug\powerflow\\" /Fd"Win32\Debug\powerflow\vc100.pdb" /Gd /TP /wd4996 /analyze- /errorReport:prompt billdump.cpp init.cpp triplex_load.cpp triplex_meter.cpp
         triplex_meter.cpp
         Generating Code...
         Compiling...
         triplex_load.cpp
         init.cpp
         billdump.cpp
         Generating Code...
       ManifestResourceCompile:
         All outputs are up-to-date.
       Link:
         c:\Program Files (x86)\Microsoft Visual Studio 10.0\VC\bin\link.exe /ERRORREPORT:PROMPT /OUT:"..\VS2005\Win32\Debug\powerflow.dll" /INCREMENTAL /NOLOGO /LIBPATH:"C:\Users\Antonia\Documents\libraries_powerflow\New folder" /LIBPATH:..\VS2005\Win32\Debug\ CBLAS.lib pthreadVC2.lib superLU_MT.lib kernel32.lib user32.lib gdi32.lib winspool.lib comdlg32.lib advapi32.lib shell32.lib ole32.lib oleaut32.lib uuid.lib odbc32.lib odbccp32.lib /MANIFEST /ManifestFile:"Win32\Debug\powerflow\powerflow.dll.intermediate.manifest" /MANIFESTUAC:"level='asInvoker' uiAccess='false'" /DEBUG /PDB:"C:\Users\Antonia\Documents\Gridlab-D\gridlab-d-code-5028-trunk\gridlab-d-code-5028-trunk\VS2005\Win32\Debug\powerflow.pdb" /SUBSYSTEM:WINDOWS /TLBID:1 /DYNAMICBASE /NXCOMPAT /IMPLIB:"..\VS2005\Win32\Debug\powerflow.lib" /MACHINE:X86 /DLL Win32\Debug\powerflow\powerflow.dll.embed.manifest.res
         Win32\Debug\powerflow\billdump.obj
         Win32\Debug\powerflow\capacitor.obj
         Win32\Debug\powerflow\currdump.obj
         Win32\Debug\powerflow\emissions.obj
         Win32\Debug\powerflow\fault_check.obj
         Win32\Debug\powerflow\frequency_gen.obj
         Win32\Debug\powerflow\fuse.obj
         Win32\Debug\powerflow\init.obj
         Win32\Debug\powerflow\line.obj
         Win32\Debug\powerflow\line_configuration.obj
         Win32\Debug\powerflow\line_spacing.obj
         Win32\Debug\powerflow\link.obj
         Win32\Debug\powerflow\load.obj
         Win32\Debug\powerflow\load_tracker.obj
         Win32\Debug\powerflow\main.obj
         Win32\Debug\powerflow\meter.obj
         Win32\Debug\powerflow\motor.obj
         Win32\Debug\powerflow\node.obj
         Win32\Debug\powerflow\overhead_line.obj
         Win32\Debug\powerflow\overhead_line_conductor.obj
         Win32\Debug\powerflow\power_metrics.obj
         Win32\Debug\powerflow\powerflow.obj
         Win32\Debug\powerflow\powerflow_library.obj
         Win32\Debug\powerflow\powerflow_object.obj
         Win32\Debug\powerflow\pqload.obj
         Win32\Debug\powerflow\recloser.obj
         Win32\Debug\powerflow\regulator.obj
         Win32\Debug\powerflow\regulator_configuration.obj
         Win32\Debug\powerflow\restoration.obj
         Win32\Debug\powerflow\sectionalizer.obj
         Win32\Debug\powerflow\series_reactor.obj
         Win32\Debug\powerflow\solver_nr.obj
         Win32\Debug\powerflow\substation.obj
         Win32\Debug\powerflow\switch_object.obj
         Win32\Debug\powerflow\test.obj
         Win32\Debug\powerflow\transformer.obj
         Win32\Debug\powerflow\transformer_configuration.obj
         Win32\Debug\powerflow\triplex_line.obj
         Win32\Debug\powerflow\triplex_line_conductor.obj
         Win32\Debug\powerflow\triplex_line_configuration.obj
         Win32\Debug\powerflow\triplex_load.obj
         Win32\Debug\powerflow\triplex_meter.obj
         Win32\Debug\powerflow\triplex_node.obj
         Win32\Debug\powerflow\underground_line.obj
         Win32\Debug\powerflow\underground_line_conductor.obj
         Win32\Debug\powerflow\volt_var_control.obj
         Win32\Debug\powerflow\voltdump.obj
       Manifest:
         C:\Program Files (x86)\Microsoft SDKs\Windows\v7.0A\bin\mt.exe /nologo /verbose /out:"Win32\Debug\powerflow\powerflow.dll.embed.manifest" /manifest Win32\Debug\powerflow\powerflow.dll.intermediate.manifest
         All outputs are up-to-date.
       LinkEmbedManifest:
         All outputs are up-to-date.
         powerflow.vcxproj -> C:\Users\Antonia\Documents\Gridlab-D\gridlab-d-code-5028-trunk\gridlab-d-code-5028-trunk\powerflow\..\VS2005\Win32\Debug\powerflow.dll
       FinalizeBuildStatus:
         Deleting file "Win32\Debug\powerflow\powerflow.unsuccessfulbuild".
         Touching "Win32\Debug\powerflow\powerflow.lastbuildstate".
     1>Done Building Project "C:\Users\Antonia\Documents\Gridlab-D\gridlab-d-code-5028-trunk\gridlab-d-code-5028-trunk\powerflow\powerflow.vcxproj" (build target(s)).

Build succeeded.

Time Elapsed 00:00:01.75
