Build started 7/5/2015 4:19:40 μμ.
     1>Project "C:\Users\Antonia\Documents\My Papers\Simulating Reactive-Active Energy Makrets\gridlab-d-code-5028-trunk\gridlab-d-code-5028-trunk\generators\generators.vcxproj" on node 2 (build target(s)).
     1>InitializeBuildStatus:
         Creating "Win32\Debug\generators\generators.unsuccessfulbuild" because "AlwaysCreate" was specified.
       ClCompile:
         c:\Program Files (x86)\Microsoft Visual Studio 10.0\VC\bin\CL.exe /c /I..\core /ZI /nologo /W3 /WX- /Od /Oy- /D WIN32 /D _DEBUG /D _WINDOWS /D _USRDLL /D _CRT_SECURE_NO_DEPRECATE /D _WINDLL /D _MBCS /Gm /EHsc /RTC1 /MDd /GS /fp:precise /Zc:wchar_t /Zc:forScope /Fo"Win32\Debug\generators\\" /Fd"Win32\Debug\generators\vc100.pdb" /Gd /TP /analyze- /errorReport:prompt battery.cpp central_dg_control.cpp dc_dc_converter.cpp diesel_dg.cpp energy_storage.cpp init.cpp inverter.cpp microturbine.cpp power_electronics.cpp rectifier.cpp solar.cpp windturb_dg.cpp
         solar.cpp
         Generating Code...
         Compiling...
         init.cpp
         central_dg_control.cpp
         Generating Code...
         Skipping... (no relevant changes detected)
         windturb_dg.cpp
         rectifier.cpp
         power_electronics.cpp
         microturbine.cpp
         inverter.cpp
         energy_storage.cpp
         diesel_dg.cpp
         dc_dc_converter.cpp
         battery.cpp
       ManifestResourceCompile:
         All outputs are up-to-date.
       Link:
         c:\Program Files (x86)\Microsoft Visual Studio 10.0\VC\bin\link.exe /ERRORREPORT:PROMPT /OUT:"..\VS2005\Win32\Debug\generators.dll" /INCREMENTAL /NOLOGO /LIBPATH:..\VS2005\Win32\Debug\ kernel32.lib user32.lib gdi32.lib winspool.lib comdlg32.lib advapi32.lib shell32.lib ole32.lib oleaut32.lib uuid.lib odbc32.lib odbccp32.lib /MANIFEST /ManifestFile:"Win32\Debug\generators\generators.dll.intermediate.manifest" /MANIFESTUAC:"level='asInvoker' uiAccess='false'" /DEBUG /PDB:"C:\Users\Antonia\Documents\My Papers\Simulating Reactive-Active Energy Makrets\gridlab-d-code-5028-trunk\gridlab-d-code-5028-trunk\VS2005\Win32\Debug\generators.pdb" /SUBSYSTEM:WINDOWS /TLBID:1 /DYNAMICBASE /NXCOMPAT /IMPLIB:"..\VS2005\Win32\Debug\generators.lib" /MACHINE:X86 /DLL Win32\Debug\generators\generators.dll.embed.manifest.res
         Win32\Debug\generators\battery.obj
         Win32\Debug\generators\central_dg_control.obj
         Win32\Debug\generators\dc_dc_converter.obj
         Win32\Debug\generators\diesel_dg.obj
         Win32\Debug\generators\energy_storage.obj
         Win32\Debug\generators\init.obj
         Win32\Debug\generators\inverter.obj
         Win32\Debug\generators\main.obj
         Win32\Debug\generators\microturbine.obj
         Win32\Debug\generators\power_electronics.obj
         Win32\Debug\generators\rectifier.obj
         Win32\Debug\generators\solar.obj
         Win32\Debug\generators\windturb_dg.obj
       Manifest:
         C:\Program Files (x86)\Microsoft SDKs\Windows\v7.0A\bin\mt.exe /nologo /verbose /out:"Win32\Debug\generators\generators.dll.embed.manifest" /manifest Win32\Debug\generators\generators.dll.intermediate.manifest
         All outputs are up-to-date.
       LinkEmbedManifest:
         All outputs are up-to-date.
         generators.vcxproj -> C:\Users\Antonia\Documents\My Papers\Simulating Reactive-Active Energy Makrets\gridlab-d-code-5028-trunk\gridlab-d-code-5028-trunk\generators\..\VS2005\Win32\Debug\generators.dll
       FinalizeBuildStatus:
         Deleting file "Win32\Debug\generators\generators.unsuccessfulbuild".
         Touching "Win32\Debug\generators\generators.lastbuildstate".
     1>Done Building Project "C:\Users\Antonia\Documents\My Papers\Simulating Reactive-Active Energy Makrets\gridlab-d-code-5028-trunk\gridlab-d-code-5028-trunk\generators\generators.vcxproj" (build target(s)).

Build succeeded.

Time Elapsed 00:00:01.92
